<?xml version="1.0" encoding="UTF-8" ?>
<testsuites errors="22"
            failures="8"
            tests="1">

  <testsuite name="AdrianGroupProject"
    errors="22" failures="8" hostname="" id="" package="AdrianGroupProject" skipped="0"
    tests="1" time="160.4" timestamp="">
  
    <testcase name="Videos and Photos" classname="AdrianGroupProject" time="160.4" assertions="13">

    

    

    

    

      <failure message="Testing if element &lt;Element [name=@VerifySeeAllPhotos]&gt; contains text &#39;Photo Gallery&#39; in 5000ms - expected &#34;contains text &#39;Photo Gallery&#39;&#34; but got: &#34;element could not be located&#34; (5148ms)">    at Page.AdrianPart (C:\Users\emont\Documents\Devmountain\QR2-Group-Project\pageObjects\AdrianGroupProjectPageObjects.js:37:17)
    at Object.Videos and Photos (C:\Users\emont\Documents\Devmountain\QR2-Group-Project\tests\AdrianGroupProject.js:11:14)</failure>

      <failure message="Testing if element &lt;Element [name=@currentFilterVerify]&gt; contains text &#39;Still Frame&#39; in 5000ms - expected &#34;contains text &#39;Still Frame&#39;&#34; but got: &#34;element could not be located&#34; (5155ms)">    at Page.AdrianPart (C:\Users\emont\Documents\Devmountain\QR2-Group-Project\pageObjects\AdrianGroupProjectPageObjects.js:39:17)
    at Object.Videos and Photos (C:\Users\emont\Documents\Devmountain\QR2-Group-Project\tests\AdrianGroupProject.js:11:14)</failure>

      <failure message="Testing if element &lt;Element [name=@currentFilterVerify]&gt; contains text &#39;Event&#39; in 5000ms - expected &#34;contains text &#39;Event&#39;&#34; but got: &#34;element could not be located&#34; (5152ms)">    at Page.AdrianPart (C:\Users\emont\Documents\Devmountain\QR2-Group-Project\pageObjects\AdrianGroupProjectPageObjects.js:42:17)
    at Object.Videos and Photos (C:\Users\emont\Documents\Devmountain\QR2-Group-Project\tests\AdrianGroupProject.js:11:14)</failure>

      <failure message="Testing if element &lt;Element [name=@currentFilterVerify]&gt; contains text &#39;Poster&#39; in 5000ms - expected &#34;contains text &#39;Poster&#39;&#34; but got: &#34;element could not be located&#34; (5152ms)">    at Page.AdrianPart (C:\Users\emont\Documents\Devmountain\QR2-Group-Project\pageObjects\AdrianGroupProjectPageObjects.js:45:17)
    at Object.Videos and Photos (C:\Users\emont\Documents\Devmountain\QR2-Group-Project\tests\AdrianGroupProject.js:11:14)</failure>

      <failure message="Testing if element &lt;Element [name=@currentFilterVerify]&gt; contains text &#39;Product&#39; in 5000ms - expected &#34;contains text &#39;Product&#39;&#34; but got: &#34;element could not be located&#34; (5154ms)">    at Page.AdrianPart (C:\Users\emont\Documents\Devmountain\QR2-Group-Project\pageObjects\AdrianGroupProjectPageObjects.js:48:17)
    at Object.Videos and Photos (C:\Users\emont\Documents\Devmountain\QR2-Group-Project\tests\AdrianGroupProject.js:11:14)</failure>

      <failure message="Testing if element &lt;Element [name=@currentFilterVerify]&gt; contains text &#39;Publicity&#39; in 5000ms - expected &#34;contains text &#39;Publicity&#39;&#34; but got: &#34;element could not be located&#34; (5152ms)">    at Page.AdrianPart (C:\Users\emont\Documents\Devmountain\QR2-Group-Project\pageObjects\AdrianGroupProjectPageObjects.js:51:17)
    at Object.Videos and Photos (C:\Users\emont\Documents\Devmountain\QR2-Group-Project\tests\AdrianGroupProject.js:11:14)</failure>

      <failure message="Testing if element &lt;Element [name=@currentFilterVerify]&gt; contains text &#39;Behind The Scenes&#39; in 5000ms - expected &#34;contains text &#39;Behind The Scenes&#39;&#34; but got: &#34;element could not be located&#34; (5144ms)">    at Page.AdrianPart (C:\Users\emont\Documents\Devmountain\QR2-Group-Project\pageObjects\AdrianGroupProjectPageObjects.js:54:17)
    at Object.Videos and Photos (C:\Users\emont\Documents\Devmountain\QR2-Group-Project\tests\AdrianGroupProject.js:11:14)</failure>

      <failure message="Testing if element &lt;Element [name=@currentFilterVerify]&gt; contains text &#39;Production Art&#39; in 5000ms - expected &#34;contains text &#39;Production Art&#39;&#34; but got: &#34;element could not be located&#34; (5147ms)">    at Page.AdrianPart (C:\Users\emont\Documents\Devmountain\QR2-Group-Project\pageObjects\AdrianGroupProjectPageObjects.js:57:17)
    at Object.Videos and Photos (C:\Users\emont\Documents\Devmountain\QR2-Group-Project\tests\AdrianGroupProject.js:11:14)</failure>

    
    <error message="An error occurred while running .click() command on &lt;Element [name=@allFilters]&gt;: " type="error"><![CDATA[
    NoSuchElementError: An error occurred while running .click() command on &lt;Element [name=@allFilters]&gt;: 
    at ClickElement.noSuchElementError (C:\Users\emont\AppData\Roaming\npm\node_modules\nightwatch\lib\element\command.js:368:12)
    at Object.errorHandler (C:\Users\emont\AppData\Roaming\npm\node_modules\nightwatch\lib\api\element-commands\_baseElementCommand.js:42:30)
    at PeriodicPromise.runAction (C:\Users\emont\AppData\Roaming\npm\node_modules\nightwatch\lib\utils\periodic-promise.js:64:29)
    at runMicrotasks (&lt;anonymous&gt;)
    at processTicksAndRejections (internal/process/task_queues.js:97:5)
    ]]></error>
    
    </testcase>
  

  
    <system-err>
        NoSuchElementError: An error occurred while running .click() command on &lt;Element [name=@seeAllPhotos]&gt;: 
   {&#34;sessionId&#34;:&#34;90119bee4394df683b3436c23d05ad59&#34;,&#34;status&#34;:0,&#34;value&#34;:[]}
       at processTicksAndRejections (internal/process/task_queues.js:97:5)
  NoSuchElementError: An error occurred while running .getText() command on &lt;Element [name=@VerifySeeAllPhotos]&gt;: 
   {&#34;sessionId&#34;:&#34;90119bee4394df683b3436c23d05ad59&#34;,&#34;status&#34;:0,&#34;value&#34;:[]}
       at processTicksAndRejections (internal/process/task_queues.js:97:5)
  NoSuchElementError: An error occurred while running .click() command on &lt;Element [name=@stillFrameFilter]&gt;: 
   {&#34;sessionId&#34;:&#34;90119bee4394df683b3436c23d05ad59&#34;,&#34;status&#34;:0,&#34;value&#34;:[]}
       at processTicksAndRejections (internal/process/task_queues.js:97:5)
  NoSuchElementError: An error occurred while running .getText() command on &lt;Element [name=@currentFilterVerify]&gt;: 
   {&#34;sessionId&#34;:&#34;90119bee4394df683b3436c23d05ad59&#34;,&#34;status&#34;:0,&#34;value&#34;:[]}
       at processTicksAndRejections (internal/process/task_queues.js:97:5)
  NoSuchElementError: An error occurred while running .click() command on &lt;Element [name=@eventFilter]&gt;: 
   {&#34;sessionId&#34;:&#34;90119bee4394df683b3436c23d05ad59&#34;,&#34;status&#34;:0,&#34;value&#34;:[]}
       at processTicksAndRejections (internal/process/task_queues.js:97:5)
  NoSuchElementError: An error occurred while running .getText() command on &lt;Element [name=@currentFilterVerify]&gt;: 
   {&#34;sessionId&#34;:&#34;90119bee4394df683b3436c23d05ad59&#34;,&#34;status&#34;:0,&#34;value&#34;:[]}
       at processTicksAndRejections (internal/process/task_queues.js:97:5)
  NoSuchElementError: An error occurred while running .click() command on &lt;Element [name=@allFilters]&gt;: 
   {&#34;sessionId&#34;:&#34;90119bee4394df683b3436c23d05ad59&#34;,&#34;status&#34;:0,&#34;value&#34;:[]}
       at processTicksAndRejections (internal/process/task_queues.js:97:5)
  NoSuchElementError: An error occurred while running .click() command on &lt;Element [name=@posterFilter]&gt;: 
   {&#34;sessionId&#34;:&#34;90119bee4394df683b3436c23d05ad59&#34;,&#34;status&#34;:0,&#34;value&#34;:[]}
       at processTicksAndRejections (internal/process/task_queues.js:97:5)
  NoSuchElementError: An error occurred while running .getText() command on &lt;Element [name=@currentFilterVerify]&gt;: 
   {&#34;sessionId&#34;:&#34;90119bee4394df683b3436c23d05ad59&#34;,&#34;status&#34;:0,&#34;value&#34;:[]}
       at processTicksAndRejections (internal/process/task_queues.js:97:5)
  NoSuchElementError: An error occurred while running .click() command on &lt;Element [name=@allFilters]&gt;: 
   {&#34;sessionId&#34;:&#34;90119bee4394df683b3436c23d05ad59&#34;,&#34;status&#34;:0,&#34;value&#34;:[]}
       at processTicksAndRejections (internal/process/task_queues.js:97:5)
  TimeoutError: An error occurred while running .click() command on &lt;Element [name=@productFilter]&gt;:   (Session info: chrome=83.0.4103.116),  (Driver info: chromedriver=83.0.4103.39 (ccbf011cb2d2b19b506d844400483861342c20cd-refs/branch-heads/4103@{#416}),platform=Windows NT 10.0.18362 x86_64); element not interactable
   {&#34;status&#34;:-1,&#34;state&#34;:&#34;&#34;,&#34;value&#34;:{&#34;message&#34;:&#34;element not interactable&#34;,&#34;error&#34;:[&#34;  (Session info: chrome=83.0.4103.116)&#34;,&#34;  (Driver info: chromedriver=83.0.4103.39 (ccbf011cb2d2b19b506d844400483861342c20cd-refs/branch-heads/4103@{#416}),platform=Windows NT 10.0.18362 x86_64)&#34;]},&#34;errorStatus&#34;:11,&#34;error&#34;:&#34;element not interactable&#34;,&#34;httpStatusCode&#34;:200}
       at processTicksAndRejections (internal/process/task_queues.js:97:5)
  NoSuchElementError: An error occurred while running .getText() command on &lt;Element [name=@currentFilterVerify]&gt;: 
   {&#34;sessionId&#34;:&#34;90119bee4394df683b3436c23d05ad59&#34;,&#34;status&#34;:0,&#34;value&#34;:[]}
       at processTicksAndRejections (internal/process/task_queues.js:97:5)
  NoSuchElementError: An error occurred while running .click() command on &lt;Element [name=@allFilters]&gt;: 
   {&#34;sessionId&#34;:&#34;90119bee4394df683b3436c23d05ad59&#34;,&#34;status&#34;:0,&#34;value&#34;:[]}
       at processTicksAndRejections (internal/process/task_queues.js:97:5)
  NoSuchElementError: An error occurred while running .click() command on &lt;Element [name=@publicityFilter]&gt;: 
   {&#34;sessionId&#34;:&#34;90119bee4394df683b3436c23d05ad59&#34;,&#34;status&#34;:0,&#34;value&#34;:[]}
       at processTicksAndRejections (internal/process/task_queues.js:97:5)
  NoSuchElementError: An error occurred while running .getText() command on &lt;Element [name=@currentFilterVerify]&gt;: 
   {&#34;sessionId&#34;:&#34;90119bee4394df683b3436c23d05ad59&#34;,&#34;status&#34;:0,&#34;value&#34;:[]}
       at processTicksAndRejections (internal/process/task_queues.js:97:5)
  NoSuchElementError: An error occurred while running .click() command on &lt;Element [name=@allFilters]&gt;: 
   {&#34;sessionId&#34;:&#34;90119bee4394df683b3436c23d05ad59&#34;,&#34;status&#34;:0,&#34;value&#34;:[]}
       at runMicrotasks (&lt;anonymous&gt;)
       at processTicksAndRejections (internal/process/task_queues.js:97:5)
  NoSuchElementError: An error occurred while running .click() command on &lt;Element [name=@behindTheScenesFilter]&gt;: 
   {&#34;sessionId&#34;:&#34;90119bee4394df683b3436c23d05ad59&#34;,&#34;status&#34;:0,&#34;value&#34;:[]}
       at runMicrotasks (&lt;anonymous&gt;)
       at processTicksAndRejections (internal/process/task_queues.js:97:5)
  NoSuchElementError: An error occurred while running .getText() command on &lt;Element [name=@currentFilterVerify]&gt;: 
   {&#34;sessionId&#34;:&#34;90119bee4394df683b3436c23d05ad59&#34;,&#34;status&#34;:0,&#34;value&#34;:[]}
       at runMicrotasks (&lt;anonymous&gt;)
       at processTicksAndRejections (internal/process/task_queues.js:97:5)
  NoSuchElementError: An error occurred while running .click() command on &lt;Element [name=@allFilters]&gt;: 
   {&#34;sessionId&#34;:&#34;90119bee4394df683b3436c23d05ad59&#34;,&#34;status&#34;:0,&#34;value&#34;:[]}
       at runMicrotasks (&lt;anonymous&gt;)
       at processTicksAndRejections (internal/process/task_queues.js:97:5)
  NoSuchElementError: An error occurred while running .click() command on &lt;Element [name=@productionArtFilter]&gt;: 
   {&#34;sessionId&#34;:&#34;90119bee4394df683b3436c23d05ad59&#34;,&#34;status&#34;:0,&#34;value&#34;:[]}
       at runMicrotasks (&lt;anonymous&gt;)
       at processTicksAndRejections (internal/process/task_queues.js:97:5)
  NoSuchElementError: An error occurred while running .getText() command on &lt;Element [name=@currentFilterVerify]&gt;: 
   {&#34;sessionId&#34;:&#34;90119bee4394df683b3436c23d05ad59&#34;,&#34;status&#34;:0,&#34;value&#34;:[]}
       at runMicrotasks (&lt;anonymous&gt;)
       at processTicksAndRejections (internal/process/task_queues.js:97:5)
  NoSuchElementError: An error occurred while running .click() command on &lt;Element [name=@allFilters]&gt;: 
   {&#34;sessionId&#34;:&#34;90119bee4394df683b3436c23d05ad59&#34;,&#34;status&#34;:0,&#34;value&#34;:[]}
       at runMicrotasks (&lt;anonymous&gt;)
       at processTicksAndRejections (internal/process/task_queues.js:97:5)
    </system-err>
  

    

  
  </testsuite>
</testsuites>
